<?xml version="1.0" encoding="UTF-8"?>
<testsuite name="com.test.book.springboot.web.IndexControllerTest" tests="1" skipped="0" failures="0" errors="0" timestamp="2023-01-11T11:51:10" hostname="DESKTOP-91U56DT" time="0.285">
  <properties/>
  <testcase name="메인페이지_로딩" classname="com.test.book.springboot.web.IndexControllerTest" time="0.285"/>
  <system-out><![CDATA[2023-01-11 20:51:06.176  INFO 11936 --- [    Test worker] .b.t.c.SpringBootTestContextBootstrapper : Neither @ContextConfiguration nor @ContextHierarchy found for test class [com.test.book.springboot.web.IndexControllerTest], using SpringBootContextLoader
2023-01-11 20:51:06.178  INFO 11936 --- [    Test worker] o.s.t.c.support.AbstractContextLoader    : Could not detect default resource locations for test class [com.test.book.springboot.web.IndexControllerTest]: no resource found for suffixes {-context.xml, Context.groovy}.
2023-01-11 20:51:06.178  INFO 11936 --- [    Test worker] t.c.s.AnnotationConfigContextLoaderUtils : Could not detect default configuration classes for test class [com.test.book.springboot.web.IndexControllerTest]: IndexControllerTest does not declare any static, non-private, non-final, nested classes annotated with @Configuration.
2023-01-11 20:51:06.194  INFO 11936 --- [    Test worker] .b.t.c.SpringBootTestContextBootstrapper : Found @SpringBootConfiguration com.test.book.springboot.Application for test class com.test.book.springboot.web.IndexControllerTest
2023-01-11 20:51:06.196  INFO 11936 --- [    Test worker] .b.t.c.SpringBootTestContextBootstrapper : Loaded default TestExecutionListener class names from location [META-INF/spring.factories]: [org.springframework.security.test.context.support.WithSecurityContextTestExecutionListener, org.springframework.security.test.context.support.ReactorContextTestExecutionListener, org.springframework.boot.test.autoconfigure.restdocs.RestDocsTestExecutionListener, org.springframework.boot.test.autoconfigure.web.client.MockRestServiceServerResetTestExecutionListener, org.springframework.boot.test.autoconfigure.web.servlet.MockMvcPrintOnlyOnFailureTestExecutionListener, org.springframework.boot.test.autoconfigure.web.servlet.WebDriverTestExecutionListener, org.springframework.boot.test.mock.mockito.MockitoTestExecutionListener, org.springframework.boot.test.mock.mockito.ResetMocksTestExecutionListener, org.springframework.test.context.web.ServletTestExecutionListener, org.springframework.test.context.support.DirtiesContextBeforeModesTestExecutionListener, org.springframework.test.context.support.DependencyInjectionTestExecutionListener, org.springframework.test.context.support.DirtiesContextTestExecutionListener, org.springframework.test.context.transaction.TransactionalTestExecutionListener, org.springframework.test.context.jdbc.SqlScriptsTestExecutionListener]
2023-01-11 20:51:06.197  INFO 11936 --- [    Test worker] .b.t.c.SpringBootTestContextBootstrapper : Using TestExecutionListeners: [org.springframework.test.context.web.ServletTestExecutionListener@10bee622, org.springframework.test.context.support.DirtiesContextBeforeModesTestExecutionListener@77ccec72, org.springframework.boot.test.mock.mockito.MockitoTestExecutionListener@cb655a6, org.springframework.boot.test.autoconfigure.SpringBootDependencyInjectionTestExecutionListener@34ed1838, org.springframework.test.context.support.DirtiesContextTestExecutionListener@53056771, org.springframework.test.context.transaction.TransactionalTestExecutionListener@433abe1f, org.springframework.test.context.jdbc.SqlScriptsTestExecutionListener@7d1fd8bb, org.springframework.security.test.context.support.WithSecurityContextTestExecutionListener@216f33f8, org.springframework.security.test.context.support.ReactorContextTestExecutionListener@5929f64b, org.springframework.boot.test.autoconfigure.restdocs.RestDocsTestExecutionListener@4ff56137, org.springframework.boot.test.autoconfigure.web.client.MockRestServiceServerResetTestExecutionListener@4c2ca272, org.springframework.boot.test.autoconfigure.web.servlet.MockMvcPrintOnlyOnFailureTestExecutionListener@1404b8fc, org.springframework.boot.test.autoconfigure.web.servlet.WebDriverTestExecutionListener@2098f99, org.springframework.boot.test.mock.mockito.ResetMocksTestExecutionListener@6691ba36]

  .   ____          _            __ _ _
 /\\ / ___'_ __ _ _(_)_ __  __ _ \ \ \ \
( ( )\___ | '_ | '_| | '_ \/ _` | \ \ \ \
 \\/  ___)| |_)| | | | | || (_| |  ) ) ) )
  '  |____| .__|_| |_|_| |_\__, | / / / /
 =========|_|==============|___/=/_/_/_/
 :: Spring Boot ::        (v2.1.7.RELEASE)

2023-01-11 20:51:06.280  INFO 11936 --- [    Test worker] c.t.b.s.web.IndexControllerTest          : Starting IndexControllerTest on DESKTOP-91U56DT with PID 11936 (started by ChangbaeKim in C:\Users\ChangbaeKim\IdeaProjects\freelec-springboot2-webservice)
2023-01-11 20:51:06.280  INFO 11936 --- [    Test worker] c.t.b.s.web.IndexControllerTest          : No active profile set, falling back to default profiles: default
2023-01-11 20:51:06.722  INFO 11936 --- [    Test worker] .s.d.r.c.RepositoryConfigurationDelegate : Bootstrapping Spring Data repositories in DEFAULT mode.
2023-01-11 20:51:06.788  INFO 11936 --- [    Test worker] .s.d.r.c.RepositoryConfigurationDelegate : Finished Spring Data repository scanning in 66ms. Found 2 repository interfaces.
2023-01-11 20:51:06.979  INFO 11936 --- [    Test worker] trationDelegate$BeanPostProcessorChecker : Bean 'org.springframework.transaction.annotation.ProxyTransactionManagementConfiguration' of type [org.springframework.transaction.annotation.ProxyTransactionManagementConfiguration$$EnhancerBySpringCGLIB$$90adf905] is not eligible for getting processed by all BeanPostProcessors (for example: not eligible for auto-proxying)
2023-01-11 20:51:07.447  INFO 11936 --- [    Test worker] o.s.b.w.embedded.tomcat.TomcatWebServer  : Tomcat initialized with port(s): 0 (http)
2023-01-11 20:51:07.510  INFO 11936 --- [    Test worker] o.apache.catalina.core.StandardService   : Starting service [Tomcat]
2023-01-11 20:51:07.511  INFO 11936 --- [    Test worker] org.apache.catalina.core.StandardEngine  : Starting Servlet engine: [Apache Tomcat/9.0.22]
2023-01-11 20:51:07.788  INFO 11936 --- [    Test worker] o.a.c.c.C.[Tomcat].[localhost].[/]       : Initializing Spring embedded WebApplicationContext
2023-01-11 20:51:07.788  INFO 11936 --- [    Test worker] o.s.web.context.ContextLoader            : Root WebApplicationContext: initialization completed in 1502 ms
2023-01-11 20:51:08.054  INFO 11936 --- [    Test worker] com.zaxxer.hikari.HikariDataSource       : HikariPool-2 - Starting...
2023-01-11 20:51:08.055  INFO 11936 --- [    Test worker] com.zaxxer.hikari.HikariDataSource       : HikariPool-2 - Start completed.
2023-01-11 20:51:08.140  INFO 11936 --- [    Test worker] o.hibernate.jpa.internal.util.LogHelper  : HHH000204: Processing PersistenceUnitInfo [
	name: default
	...]
2023-01-11 20:51:08.165  INFO 11936 --- [    Test worker] org.hibernate.dialect.Dialect            : HHH000400: Using dialect: org.hibernate.dialect.MySQL5InnoDBDialect
Hibernate: drop table if exists posts
Hibernate: drop table if exists user
Hibernate: create table posts (id bigint not null auto_increment, created_time datetime, modified_time datetime, author varchar(255), content TEXT not null, title varchar(500) not null, primary key (id)) engine=InnoDB
Hibernate: create table user (id bigint not null auto_increment, created_time datetime, modified_time datetime, email varchar(255) not null, name varchar(255) not null, picture varchar(255), role varchar(255) not null, primary key (id)) engine=InnoDB
2023-01-11 20:51:08.249  INFO 11936 --- [    Test worker] o.h.t.schema.internal.SchemaCreatorImpl  : HHH000476: Executing import script 'org.hibernate.tool.schema.internal.exec.ScriptSourceInputNonExistentImpl@591ccb0d'
2023-01-11 20:51:08.250  INFO 11936 --- [    Test worker] j.LocalContainerEntityManagerFactoryBean : Initialized JPA EntityManagerFactory for persistence unit 'default'
2023-01-11 20:51:08.809  INFO 11936 --- [    Test worker] o.h.h.i.QueryTranslatorFactoryInitiator  : HHH000397: Using ASTQueryTranslatorFactory
2023-01-11 20:51:09.161  INFO 11936 --- [    Test worker] o.s.s.web.DefaultSecurityFilterChain     : Creating filter chain: any request, [org.springframework.security.web.context.request.async.WebAsyncManagerIntegrationFilter@7d3b7da0, org.springframework.security.web.context.SecurityContextPersistenceFilter@46451496, org.springframework.security.web.header.HeaderWriterFilter@6450f10e, org.springframework.security.web.authentication.logout.LogoutFilter@39bfe2be, org.springframework.security.oauth2.client.web.OAuth2AuthorizationRequestRedirectFilter@7470fcbe, org.springframework.security.oauth2.client.web.OAuth2LoginAuthenticationFilter@49ab0e98, org.springframework.security.web.authentication.ui.DefaultLoginPageGeneratingFilter@57b0ad7a, org.springframework.security.web.authentication.ui.DefaultLogoutPageGeneratingFilter@6e2317b3, org.springframework.security.web.savedrequest.RequestCacheAwareFilter@2b4d529, org.springframework.security.web.servletapi.SecurityContextHolderAwareRequestFilter@610f8cf0, org.springframework.security.web.authentication.AnonymousAuthenticationFilter@1dc583c5, org.springframework.security.web.session.SessionManagementFilter@7869dc0f, org.springframework.security.web.access.ExceptionTranslationFilter@4d91349b, org.springframework.security.web.access.intercept.FilterSecurityInterceptor@5ef9ae4a]
2023-01-11 20:51:09.533  INFO 11936 --- [    Test worker] o.s.s.concurrent.ThreadPoolTaskExecutor  : Initializing ExecutorService 'applicationTaskExecutor'
2023-01-11 20:51:09.553  WARN 11936 --- [    Test worker] aWebConfiguration$JpaWebMvcConfiguration : spring.jpa.open-in-view is enabled by default. Therefore, database queries may be performed during view rendering. Explicitly configure spring.jpa.open-in-view to disable this warning
2023-01-11 20:51:09.598  INFO 11936 --- [    Test worker] o.s.b.a.w.s.WelcomePageHandlerMapping    : Adding welcome page template: index
2023-01-11 20:51:10.145  INFO 11936 --- [    Test worker] s.a.ScheduledAnnotationBeanPostProcessor : No TaskScheduler/ScheduledExecutorService bean found for scheduled processing
2023-01-11 20:51:10.179  INFO 11936 --- [    Test worker] o.s.b.w.embedded.tomcat.TomcatWebServer  : Tomcat started on port(s): 2774 (http) with context path ''
2023-01-11 20:51:10.181  INFO 11936 --- [    Test worker] c.t.b.s.web.IndexControllerTest          : Started IndexControllerTest in 3.982 seconds (JVM running for 19.476)
2023-01-11 20:51:10.327  INFO 11936 --- [o-auto-1-exec-1] o.a.c.c.C.[Tomcat].[localhost].[/]       : Initializing Spring DispatcherServlet 'dispatcherServlet'
2023-01-11 20:51:10.328  INFO 11936 --- [o-auto-1-exec-1] o.s.web.servlet.DispatcherServlet        : Initializing Servlet 'dispatcherServlet'
2023-01-11 20:51:10.363  INFO 11936 --- [o-auto-1-exec-1] o.s.web.servlet.DispatcherServlet        : Completed initialization in 35 ms
Hibernate: select posts0_.id as id1_0_, posts0_.created_time as created_2_0_, posts0_.modified_time as modified3_0_, posts0_.author as author4_0_, posts0_.content as content5_0_, posts0_.title as title6_0_ from posts posts0_ order by posts0_.id desc
]]></system-out>
  <system-err><![CDATA[]]></system-err>
</testsuite>
