<?xml version="1.0" encoding="UTF-8"?>
<testsuite name="com.test.book.springboot.web.dto.HelloResponseDtoTest" tests="1" skipped="0" failures="0" errors="0" timestamp="2022-12-30T13:54:42" hostname="DESKTOP-91U56DT" time="0.008">
  <properties/>
  <testcase name="롬복_기능_테스트" classname="com.test.book.springboot.web.dto.HelloResponseDtoTest" time="0.008"/>
  <system-out><![CDATA[]]></system-out>
  <system-err><![CDATA[]]></system-err>
</testsuite>
